\BOOKMARK [0][-]{chapter.1}{\376\377\000I\000n\000t\000r\000o\000d\000u\000c\000c\000i\000\363\000n}{}% 1
\BOOKMARK [1][-]{section.1.1}{\376\377\000O\000b\000j\000e\000t\000i\000v\000o}{chapter.1}% 2
\BOOKMARK [1][-]{section.1.2}{\376\377\000C\000o\000m\000p\000o\000n\000e\000n\000t\000e\000s\000\040\000A\000c\000\372\000s\000t\000i\000c\000o\000s}{chapter.1}% 3
\BOOKMARK [2][-]{subsection.1.2.1}{\376\377\000M\000a\000s\000a\000\040\000a\000c\000\372\000s\000t\000i\000c\000a}{section.1.2}% 4
\BOOKMARK [2][-]{subsection.1.2.2}{\376\377\000C\000o\000m\000p\000l\000i\000a\000n\000c\000i\000a\000\040\000a\000c\000\372\000s\000t\000i\000c\000a}{section.1.2}% 5
\BOOKMARK [2][-]{subsection.1.2.3}{\376\377\000E\000f\000e\000c\000t\000o\000s\000\040\000p\000a\000r\000\341\000s\000i\000t\000o\000s\000\040\000y\000\040\000l\000\355\000m\000i\000t\000e\000s\000\040\000d\000e\000l\000\040\000m\000o\000d\000e\000l\000o}{section.1.2}% 6
\BOOKMARK [2][-]{subsection.1.2.4}{\376\377\000R\000e\000s\000i\000s\000t\000e\000n\000c\000i\000a\000s\000\040\000A\000c\000\372\000s\000t\000i\000c\000a\000s}{section.1.2}% 7
\BOOKMARK [0][-]{chapter.2}{\376\377\000A\000l\000t\000o\000p\000a\000r\000l\000a\000n\000t\000e\000s}{}% 8
\BOOKMARK [1][-]{section.2.1}{\376\377\000A\000l\000t\000o\000p\000a\000r\000l\000a\000n\000t\000e}{chapter.2}% 9
\BOOKMARK [1][-]{section.2.2}{\376\377\000A\000l\000t\000o\000p\000a\000r\000l\000a\000n\000t\000e\000\040\000a\000l\000\040\000a\000i\000r\000e\000\040\000l\000i\000b\000r\000e}{chapter.2}% 10
\BOOKMARK [1][-]{section.2.3}{\376\377\000A\000l\000t\000o\000p\000a\000r\000l\000a\000n\000t\000e\000\040\000e\000n\000\040\000b\000a\000f\000l\000e\000\040\000i\000n\000f\000i\000n\000i\000t\000o}{chapter.2}% 11
\BOOKMARK [0][-]{chapter.3}{\376\377\000G\000a\000b\000i\000n\000e\000t\000e\000s}{}% 12
\BOOKMARK [1][-]{section.3.1}{\376\377\000G\000a\000b\000i\000n\000e\000t\000e\000\040\000c\000e\000r\000r\000a\000d\000o}{chapter.3}% 13
\BOOKMARK [1][-]{section.3.2}{\376\377\000G\000a\000b\000i\000n\000e\000t\000e\000\040\000a\000b\000i\000e\000r\000t\000o}{chapter.3}% 14
\BOOKMARK [1][-]{section.3.3}{\376\377\000G\000a\000b\000i\000n\000e\000t\000e\000\040\000v\000e\000n\000t\000i\000l\000a\000d\000o}{chapter.3}% 15
\BOOKMARK [0][-]{chapter.4}{\376\377\000A\000n\000\341\000l\000i\000s\000i\000s\000\040\000d\000e\000\040\000a\000l\000t\000o\000p\000a\000r\000l\000a\000n\000t\000e\000s\000\040\000e\000n\000\040\000v\000a\000r\000i\000a\000s\000\040\000s\000i\000t\000u\000a\000c\000i\000o\000n\000e\000s}{}% 16
\BOOKMARK [1][-]{section.4.1}{\376\377\000P\000a\000r\000l\000a\000n\000t\000e\000s\000\040\000e\000n\000\040\000p\000a\000r\000a\000l\000e\000l\000o}{chapter.4}% 17
\BOOKMARK [1][-]{section.4.2}{\376\377\000P\000a\000r\000l\000a\000n\000t\000e\000s\000\040\000e\000n\000\040\000s\000e\000r\000i\000e}{chapter.4}% 18
\BOOKMARK [1][-]{section.4.3}{\376\377\000C\000o\000n\000f\000i\000g\000u\000r\000a\000c\000i\000\363\000n\000\040\000i\000s\000o\000b\000\341\000r\000i\000c\000a}{chapter.4}% 19
\BOOKMARK [1][-]{section.4.4}{\376\377\000L\000\355\000n\000e\000a\000s\000\040\000d\000e\000\040\000t\000r\000a\000n\000s\000m\000i\000s\000i\000\363\000n}{chapter.4}% 20
\BOOKMARK [0][-]{chapter.5}{\376\377\000U\000n\000i\000d\000a\000d\000e\000s\000\040\000d\000e\000\040\000a\000l\000t\000a\000\040\000f\000r\000e\000c\000u\000e\000n\000c\000i\000a}{}% 21
\BOOKMARK [1][-]{section.5.1}{\376\377\000T\000w\000e\000e\000t\000e\000r\000s}{chapter.5}% 22
\BOOKMARK [1][-]{section.5.2}{\376\377\000B\000o\000c\000i\000n\000a\000s}{chapter.5}% 23
\BOOKMARK [1][-]{section.5.3}{\376\377\000D\000r\000i\000v\000e\000r\000s\000\040\000d\000e\000\040\000C\000o\000m\000p\000r\000e\000s\000i\000o\000n}{chapter.5}% 24
\BOOKMARK [0][-]{chapter.6}{\376\377\000F\000i\000l\000t\000r\000o\000s\000\040\000d\000e\000\040\000c\000r\000u\000c\000e}{}% 25
\BOOKMARK [1][-]{section.6.1}{\376\377\000F\000i\000l\000t\000r\000o\000s\000\040\000p\000a\000s\000i\000v\000o\000s\000\040\0001\000e\000r\000\040\000o\000r\000d\000e\000n}{chapter.6}% 26
\BOOKMARK [1][-]{section.6.2}{\376\377\000F\000i\000l\000t\000r\000o\000s\000\040\000p\000a\000s\000i\000v\000o\000s\000\040\0002\000d\000o\000\040\000o\000r\000d\000e\000n}{chapter.6}% 27
\BOOKMARK [1][-]{section.6.3}{\376\377\000F\000i\000l\000t\000r\000o\000s\000\040\000A\000c\000t\000i\000v\000o\000s}{chapter.6}% 28
\BOOKMARK [1][-]{section.6.4}{\376\377\000F\000i\000l\000t\000r\000o\000s\000\040\000L\000i\000n\000k\000w\000i\000t\000z\000-\000R\000i\000l\000e\000y}{chapter.6}% 29
\BOOKMARK [0][-]{chapter.7}{\376\377\000D\000i\000r\000e\000c\000t\000i\000v\000i\000d\000a\000d}{}% 30
\BOOKMARK [1][-]{section.7.1}{\376\377\000D\000i\000r\000e\000c\000t\000i\000v\000i\000d\000a\000d}{chapter.7}% 31
\BOOKMARK [0][-]{chapter.8}{\376\377\000A\000r\000r\000e\000g\000l\000o\000s\000\040\000l\000i\000n\000e\000a\000l\000e\000s}{}% 32
\BOOKMARK [1][-]{section.8.1}{\376\377\000S\000u\000m\000a\000\040\000d\000e\000\040\000f\000u\000e\000n\000t\000e\000s}{chapter.8}% 33
\BOOKMARK [1][-]{section.8.2}{\376\377\000L\000i\000n\000e\000\040\000A\000r\000r\000a\000y}{chapter.8}% 34
